<?xml version="1.0" encoding="UTF-8"?>
<!-- Generated by org.testng.reporters.JUnitReportReporter -->
<testsuite skipped="0" hostname="LAPTOP-C364ERB8" name="RolexTestCase.Rolex" tests="1" failures="0" timestamp="20 Mar 2020 19:52:29 GMT" time="3411.650" errors="0">
  <testcase name="WatchViewed" time="3411.650" classname="RolexTestCase.Rolex"/>
</testsuite> <!-- RolexTestCase.Rolex -->
